c:\users\user\desktop\nhuscode\goldengatesrpg (1)\x64\debug\vc141.pdb
c:\users\user\desktop\nhuscode\goldengatesrpg (1)\x64\debug\vc141.idb
c:\users\user\desktop\nhuscode\goldengatesrpg (1)\x64\debug\weapon.obj
c:\users\user\desktop\nhuscode\goldengatesrpg (1)\x64\debug\scarlet_swagger.obj
c:\users\user\desktop\nhuscode\goldengatesrpg (1)\x64\debug\panipuri.obj
c:\users\user\desktop\nhuscode\goldengatesrpg (1)\x64\debug\item.obj
c:\users\user\desktop\nhuscode\goldengatesrpg (1)\x64\debug\consumable.obj
c:\users\user\desktop\nhuscode\goldengatesrpg (1)\x64\debug\saiyan.obj
c:\users\user\desktop\nhuscode\goldengatesrpg (1)\x64\debug\mage.obj
c:\users\user\desktop\nhuscode\goldengatesrpg (1)\x64\debug\hunter.obj
c:\users\user\desktop\nhuscode\goldengatesrpg (1)\x64\debug\hero.obj
c:\users\user\desktop\nhuscode\goldengatesrpg (1)\x64\debug\zombie.obj
c:\users\user\desktop\nhuscode\goldengatesrpg (1)\x64\debug\witch.obj
c:\users\user\desktop\nhuscode\goldengatesrpg (1)\x64\debug\wildanimal.obj
c:\users\user\desktop\nhuscode\goldengatesrpg (1)\x64\debug\vicious.obj
c:\users\user\desktop\nhuscode\goldengatesrpg (1)\x64\debug\thief.obj
c:\users\user\desktop\nhuscode\goldengatesrpg (1)\x64\debug\orc.obj
c:\users\user\desktop\nhuscode\goldengatesrpg (1)\x64\debug\enemy.obj
c:\users\user\desktop\nhuscode\goldengatesrpg (1)\x64\debug\benign.obj
c:\users\user\desktop\nhuscode\goldengatesrpg (1)\x64\debug\direction.obj
c:\users\user\desktop\nhuscode\goldengatesrpg (1)\x64\debug\demo.obj
c:\users\user\desktop\nhuscode\goldengatesrpg (1)\x64\debug\map.obj
c:\users\user\desktop\nhuscode\goldengatesrpg (1)\x64\debug\goldengatesrpg.tlog\cl.command.1.tlog
c:\users\user\desktop\nhuscode\goldengatesrpg (1)\x64\debug\goldengatesrpg.tlog\cl.read.1.tlog
c:\users\user\desktop\nhuscode\goldengatesrpg (1)\x64\debug\goldengatesrpg.tlog\cl.write.1.tlog
